mode: set
github.com\lpdyck\feedReader\feedReader.go:25.74,27.16 2 1
github.com\lpdyck\feedReader\feedReader.go:30.2,32.16 3 1
github.com\lpdyck\feedReader\feedReader.go:35.2,35.56 1 1
github.com\lpdyck\feedReader\feedReader.go:46.2,46.8 1 1
github.com\lpdyck\feedReader\feedReader.go:27.16,29.3 1 0
github.com\lpdyck\feedReader\feedReader.go:32.16,34.3 1 0
github.com\lpdyck\feedReader\feedReader.go:35.56,37.10 2 1
github.com\lpdyck\feedReader\feedReader.go:40.3,41.23 2 1
github.com\lpdyck\feedReader\feedReader.go:44.3,44.48 1 1
github.com\lpdyck\feedReader\feedReader.go:37.10,39.4 1 0
github.com\lpdyck\feedReader\feedReader.go:41.23,43.4 1 1
github.com\lpdyck\feedReader\feedReader.go:49.55,51.16 2 1
github.com\lpdyck\feedReader\feedReader.go:54.2,56.16 3 1
github.com\lpdyck\feedReader\feedReader.go:59.2,61.8 3 1
github.com\lpdyck\feedReader\feedReader.go:51.16,53.3 1 0
github.com\lpdyck\feedReader\feedReader.go:56.16,58.3 1 0
github.com\lpdyck\feedReader\feedReader.go:64.71,67.2 2 1
github.com\lpdyck\feedReader\feedReader.go:69.74,71.16 2 1
github.com\lpdyck\feedReader\feedReader.go:74.2,77.16 4 1
github.com\lpdyck\feedReader\feedReader.go:80.2,81.16 2 1
github.com\lpdyck\feedReader\feedReader.go:84.2,85.16 2 1
github.com\lpdyck\feedReader\feedReader.go:88.2,88.30 1 1
github.com\lpdyck\feedReader\feedReader.go:93.2,94.16 2 1
github.com\lpdyck\feedReader\feedReader.go:97.2,97.8 1 1
github.com\lpdyck\feedReader\feedReader.go:71.16,73.3 1 0
github.com\lpdyck\feedReader\feedReader.go:77.16,79.3 1 0
github.com\lpdyck\feedReader\feedReader.go:81.16,83.3 1 0
github.com\lpdyck\feedReader\feedReader.go:85.16,87.3 1 0
github.com\lpdyck\feedReader\feedReader.go:88.30,89.25 1 1
github.com\lpdyck\feedReader\feedReader.go:89.25,91.4 1 1
github.com\lpdyck\feedReader\feedReader.go:94.16,96.3 1 0
github.com\lpdyck\feedReader\feedReader.go:100.53,108.2 3 1
github.com\lpdyck\feedReader\feedReader.go:110.13,112.16 2 0
github.com\lpdyck\feedReader\feedReader.go:116.2,117.16 2 0
github.com\lpdyck\feedReader\feedReader.go:121.2,121.33 1 0
github.com\lpdyck\feedReader\feedReader.go:112.16,115.3 2 0
github.com\lpdyck\feedReader\feedReader.go:117.16,120.3 2 0
github.com\lpdyck\feedReader\feedReader.go:121.33,123.17 2 0
github.com\lpdyck\feedReader\feedReader.go:127.3,130.17 4 0
github.com\lpdyck\feedReader\feedReader.go:134.3,135.36 2 0
github.com\lpdyck\feedReader\feedReader.go:123.17,126.4 2 0
github.com\lpdyck\feedReader\feedReader.go:130.17,133.4 2 0
github.com\lpdyck\feedReader\feedReader.go:135.36,137.4 1 0
